<?xml version="1.0" encoding="UTF-8"?>
<coverage generated="1500205989680" clover="3.2.0">
  <project timestamp="1500205989680" name="All files">
    <metrics statements="145" coveredstatements="85" conditionals="53" coveredconditionals="34" methods="72" coveredmethods="37" elements="270" coveredelements="156" complexity="0" loc="145" ncloc="145" packages="7" files="18" classes="18">
      <package name="src">
        <metrics statements="10" coveredstatements="10" conditionals="1" coveredconditionals="1" methods="1" coveredmethods="1"/>
        <file name="config.js" path="/Users/blu/ws/projects/ArcheryNotes/src/config.js">
          <metrics statements="3" coveredstatements="3" conditionals="0" coveredconditionals="0" methods="0" coveredmethods="0"/>
          <line num="3" count="4" type="stmt"/>
          <line num="4" count="4" type="stmt"/>
          <line num="9" count="4" type="stmt"/>
        </file>
        <file name="store.js" path="/Users/blu/ws/projects/ArcheryNotes/src/store.js">
          <metrics statements="4" coveredstatements="4" conditionals="1" coveredconditionals="1" methods="1" coveredmethods="1"/>
          <line num="12" count="3" type="stmt"/>
          <line num="17" count="3" type="stmt"/>
          <line num="23" count="3" type="stmt"/>
          <line num="33" count="3" type="stmt"/>
        </file>
        <file name="theme.js" path="/Users/blu/ws/projects/ArcheryNotes/src/theme.js">
          <metrics statements="3" coveredstatements="3" conditionals="0" coveredconditionals="0" methods="0" coveredmethods="0"/>
          <line num="1" count="4" type="stmt"/>
          <line num="2" count="4" type="stmt"/>
          <line num="3" count="4" type="stmt"/>
        </file>
      </package>
      <package name="src.actions">
        <metrics statements="4" coveredstatements="2" conditionals="2" coveredconditionals="0" methods="4" coveredmethods="2"/>
        <file name="main.js" path="/Users/blu/ws/projects/ArcheryNotes/src/actions/main.js">
          <metrics statements="2" coveredstatements="1" conditionals="1" coveredconditionals="0" methods="2" coveredmethods="1"/>
          <line num="4" count="1" type="stmt"/>
          <line num="11" count="0" type="stmt"/>
        </file>
        <file name="scoreSheet.js" path="/Users/blu/ws/projects/ArcheryNotes/src/actions/scoreSheet.js">
          <metrics statements="2" coveredstatements="1" conditionals="1" coveredconditionals="0" methods="2" coveredmethods="1"/>
          <line num="4" count="1" type="stmt"/>
          <line num="11" count="0" type="stmt"/>
        </file>
      </package>
      <package name="src.components">
        <metrics statements="33" coveredstatements="10" conditionals="4" coveredconditionals="0" methods="18" coveredmethods="6"/>
        <file name="DevTools.js" path="/Users/blu/ws/projects/ArcheryNotes/src/components/DevTools.js">
          <metrics statements="0" coveredstatements="0" conditionals="0" coveredconditionals="0" methods="0" coveredmethods="0"/>
        </file>
        <file name="LogMonitor.js" path="/Users/blu/ws/projects/ArcheryNotes/src/components/LogMonitor.js">
          <metrics statements="33" coveredstatements="10" conditionals="4" coveredconditionals="0" methods="18" coveredmethods="6"/>
          <line num="17" count="8" type="stmt"/>
          <line num="23" count="1" type="stmt"/>
          <line num="24" count="1" type="stmt"/>
          <line num="25" count="1" type="stmt"/>
          <line num="27" count="1" type="stmt"/>
          <line num="30" count="0" type="stmt"/>
          <line num="31" count="0" type="cond" truecount="0" falsecount="2"/>
          <line num="32" count="0" type="stmt"/>
          <line num="33" count="0" type="cond" truecount="0" falsecount="2"/>
          <line num="34" count="0" type="stmt"/>
          <line num="36" count="0" type="stmt"/>
          <line num="38" count="0" type="stmt"/>
          <line num="42" count="0" type="stmt"/>
          <line num="43" count="0" type="stmt"/>
          <line num="44" count="0" type="stmt"/>
          <line num="47" count="0" type="stmt"/>
          <line num="48" count="0" type="stmt"/>
          <line num="49" count="0" type="stmt"/>
          <line num="52" count="0" type="stmt"/>
          <line num="53" count="0" type="stmt"/>
          <line num="54" count="0" type="stmt"/>
          <line num="57" count="0" type="stmt"/>
          <line num="58" count="0" type="stmt"/>
          <line num="59" count="0" type="stmt"/>
          <line num="62" count="1" type="stmt"/>
          <line num="63" count="1" type="stmt"/>
          <line num="64" count="1" type="stmt"/>
          <line num="68" count="1" type="stmt"/>
          <line num="74" count="0" type="stmt"/>
          <line num="77" count="0" type="stmt"/>
          <line num="85" count="0" type="stmt"/>
          <line num="88" count="0" type="stmt"/>
          <line num="101" count="3" type="stmt"/>
        </file>
      </package>
      <package name="src.containers">
        <metrics statements="53" coveredstatements="25" conditionals="8" coveredconditionals="4" methods="36" coveredmethods="16"/>
        <file name="About.js" path="/Users/blu/ws/projects/ArcheryNotes/src/containers/About.js">
          <metrics statements="3" coveredstatements="3" conditionals="0" coveredconditionals="0" methods="2" coveredmethods="2"/>
          <line num="15" count="1" type="stmt"/>
          <line num="18" count="1" type="stmt"/>
          <line num="30" count="1" type="stmt"/>
        </file>
        <file name="Drawer.js" path="/Users/blu/ws/projects/ArcheryNotes/src/containers/Drawer.js">
          <metrics statements="11" coveredstatements="4" conditionals="4" coveredconditionals="0" methods="6" coveredmethods="3"/>
          <line num="21" count="0" type="cond" truecount="0" falsecount="2"/>
          <line num="22" count="0" type="stmt"/>
          <line num="23" count="0" type="stmt"/>
          <line num="26" count="0" type="cond" truecount="0" falsecount="2"/>
          <line num="27" count="0" type="stmt"/>
          <line num="28" count="0" type="stmt"/>
          <line num="31" count="1" type="stmt"/>
          <line num="33" count="0" type="stmt"/>
          <line num="41" count="1" type="stmt"/>
          <line num="63" count="1" type="stmt"/>
          <line num="65" count="1" type="stmt"/>
        </file>
        <file name="DrawerDebug.js" path="/Users/blu/ws/projects/ArcheryNotes/src/containers/DrawerDebug.js">
          <metrics statements="2" coveredstatements="2" conditionals="0" coveredconditionals="0" methods="2" coveredmethods="2"/>
          <line num="9" count="1" type="stmt"/>
          <line num="15" count="1" type="stmt"/>
        </file>
        <file name="Home.js" path="/Users/blu/ws/projects/ArcheryNotes/src/containers/Home.js">
          <metrics statements="37" coveredstatements="16" conditionals="4" coveredconditionals="4" methods="26" coveredmethods="9"/>
          <line num="23" count="1" type="stmt"/>
          <line num="24" count="1" type="stmt"/>
          <line num="27" count="0" type="stmt"/>
          <line num="28" count="0" type="stmt"/>
          <line num="29" count="0" type="stmt"/>
          <line num="32" count="0" type="stmt"/>
          <line num="35" count="0" type="stmt"/>
          <line num="36" count="0" type="stmt"/>
          <line num="37" count="0" type="stmt"/>
          <line num="40" count="0" type="stmt"/>
          <line num="43" count="4" type="stmt"/>
          <line num="44" count="24" type="stmt"/>
          <line num="45" count="4" type="stmt"/>
          <line num="48" count="24" type="stmt"/>
          <line num="62" count="2" type="stmt"/>
          <line num="63" count="2" type="stmt"/>
          <line num="64" count="2" type="stmt"/>
          <line num="65" count="2" type="stmt"/>
          <line num="74" count="4" type="stmt"/>
          <line num="80" count="0" type="stmt"/>
          <line num="83" count="0" type="stmt"/>
          <line num="86" count="0" type="stmt"/>
          <line num="91" count="0" type="stmt"/>
          <line num="94" count="0" type="stmt"/>
          <line num="97" count="0" type="stmt"/>
          <line num="102" count="0" type="stmt"/>
          <line num="105" count="0" type="stmt"/>
          <line num="108" count="0" type="stmt"/>
          <line num="113" count="0" type="stmt"/>
          <line num="116" count="0" type="stmt"/>
          <line num="119" count="0" type="stmt"/>
          <line num="124" count="0" type="stmt"/>
          <line num="134" count="1" type="stmt"/>
          <line num="186" count="1" type="stmt"/>
          <line num="187" count="1" type="stmt"/>
          <line num="189" count="2" type="stmt"/>
          <line num="192" count="1" type="stmt"/>
        </file>
      </package>
      <package name="src.reducers">
        <metrics statements="10" coveredstatements="8" conditionals="8" coveredconditionals="6" methods="2" coveredmethods="2"/>
        <file name="index.js" path="/Users/blu/ws/projects/ArcheryNotes/src/reducers/index.js">
          <metrics statements="0" coveredstatements="0" conditionals="0" coveredconditionals="0" methods="0" coveredmethods="0"/>
        </file>
        <file name="main.js" path="/Users/blu/ws/projects/ArcheryNotes/src/reducers/main.js">
          <metrics statements="5" coveredstatements="4" conditionals="4" coveredconditionals="3" methods="1" coveredmethods="1"/>
          <line num="3" count="3" type="stmt"/>
          <line num="8" count="11" type="cond" truecount="2" falsecount="1"/>
          <line num="10" count="1" type="stmt"/>
          <line num="12" count="0" type="stmt"/>
          <line num="14" count="10" type="stmt"/>
        </file>
        <file name="scoreSheet.js" path="/Users/blu/ws/projects/ArcheryNotes/src/reducers/scoreSheet.js">
          <metrics statements="5" coveredstatements="4" conditionals="4" coveredconditionals="3" methods="1" coveredmethods="1"/>
          <line num="3" count="3" type="stmt"/>
          <line num="13" count="11" type="cond" truecount="2" falsecount="1"/>
          <line num="15" count="1" type="stmt"/>
          <line num="17" count="0" type="stmt"/>
          <line num="19" count="10" type="stmt"/>
        </file>
      </package>
      <package name="src.types">
        <metrics statements="6" coveredstatements="6" conditionals="0" coveredconditionals="0" methods="0" coveredmethods="0"/>
        <file name="main.js" path="/Users/blu/ws/projects/ArcheryNotes/src/types/main.js">
          <metrics statements="3" coveredstatements="3" conditionals="0" coveredconditionals="0" methods="0" coveredmethods="0"/>
          <line num="1" count="3" type="stmt"/>
          <line num="3" count="3" type="stmt"/>
          <line num="4" count="3" type="stmt"/>
        </file>
        <file name="scoreSheet.js" path="/Users/blu/ws/projects/ArcheryNotes/src/types/scoreSheet.js">
          <metrics statements="3" coveredstatements="3" conditionals="0" coveredconditionals="0" methods="0" coveredmethods="0"/>
          <line num="1" count="3" type="stmt"/>
          <line num="3" count="3" type="stmt"/>
          <line num="4" count="3" type="stmt"/>
        </file>
      </package>
      <package name="src.utils">
        <metrics statements="29" coveredstatements="24" conditionals="30" coveredconditionals="23" methods="11" coveredmethods="10"/>
        <file name="nav.js" path="/Users/blu/ws/projects/ArcheryNotes/src/utils/nav.js">
          <metrics statements="4" coveredstatements="1" conditionals="4" coveredconditionals="0" methods="1" coveredmethods="0"/>
          <line num="1" count="1" type="stmt"/>
          <line num="14" count="0" type="cond" truecount="0" falsecount="2"/>
          <line num="15" count="0" type="cond" truecount="0" falsecount="2"/>
          <line num="16" count="0" type="stmt"/>
        </file>
        <file name="scoreCalculator.js" path="/Users/blu/ws/projects/ArcheryNotes/src/utils/scoreCalculator.js">
          <metrics statements="25" coveredstatements="23" conditionals="26" coveredconditionals="23" methods="10" coveredmethods="10"/>
          <line num="8" count="28" type="cond" truecount="1" falsecount="1"/>
          <line num="9" count="28" type="cond" truecount="1" falsecount="2"/>
          <line num="11" count="0" type="stmt"/>
          <line num="13" count="0" type="stmt"/>
          <line num="15" count="28" type="stmt"/>
          <line num="20" count="4" type="stmt"/>
          <line num="21" count="4" type="stmt"/>
          <line num="22" count="5" type="cond" truecount="2" falsecount="0"/>
          <line num="23" count="4" type="stmt"/>
          <line num="24" count="4" type="cond" truecount="2" falsecount="0"/>
          <line num="25" count="24" type="cond" truecount="2" falsecount="0"/>
          <line num="27" count="4" type="cond" truecount="2" falsecount="0"/>
          <line num="28" count="6" type="stmt"/>
          <line num="29" count="1" type="stmt"/>
          <line num="34" count="4" type="stmt"/>
          <line num="38" count="5" type="stmt"/>
          <line num="39" count="5" type="cond" truecount="4" falsecount="0"/>
          <line num="41" count="4" type="cond" truecount="2" falsecount="0"/>
          <line num="42" count="4" type="stmt"/>
          <line num="43" count="5" type="cond" truecount="2" falsecount="0"/>
          <line num="44" count="4" type="stmt"/>
          <line num="45" count="4" type="cond" truecount="2" falsecount="0"/>
          <line num="46" count="24" type="cond" truecount="2" falsecount="0"/>
          <line num="48" count="4" type="stmt"/>
          <line num="51" count="2" type="stmt"/>
        </file>
      </package>
    </metrics>
  </project>
</coverage>
