{"/Users/blu/ws/projects/ArcheryNotes/src/config.js": {"path":"/Users/blu/ws/projects/ArcheryNotes/src/config.js","statementMap":{"0":{"start":{"line":3,"column":20},"end":{"line":3,"column":35}},"1":{"start":{"line":4,"column":30},"end":{"line":8,"column":1}},"2":{"start":{"line":9,"column":25},"end":{"line":13,"column":1}}},"fnMap":{},"branchMap":{},"s":{"0":4,"1":4,"2":4},"f":{},"b":{},"_coverageSchema":"332fd63041d2c1bcb487cc26dd0d5f7d97098a6c","hash":"b3a5087c892c04e3cce914173d098870ed797ad4"}
,"/Users/blu/ws/projects/ArcheryNotes/src/store.js": {"path":"/Users/blu/ws/projects/ArcheryNotes/src/store.js","statementMap":{"0":{"start":{"line":12,"column":22},"end":{"line":15,"column":3}},"1":{"start":{"line":17,"column":20},"end":{"line":21,"column":3}},"2":{"start":{"line":23,"column":16},"end":{"line":27,"column":3}},"3":{"start":{"line":33,"column":2},"end":{"line":33,"column":14}}},"fnMap":{"0":{"name":"configureStore","decl":{"start":{"line":10,"column":24},"end":{"line":10,"column":38}},"loc":{"start":{"line":10,"column":58},"end":{"line":34,"column":1}},"line":10}},"branchMap":{"0":{"loc":{"start":{"line":10,"column":39},"end":{"line":10,"column":56}},"type":"default-arg","locations":[{"start":{"line":10,"column":54},"end":{"line":10,"column":56}}],"line":10}},"s":{"0":3,"1":3,"2":3,"3":3},"f":{"0":3},"b":{"0":[3]},"_coverageSchema":"332fd63041d2c1bcb487cc26dd0d5f7d97098a6c","hash":"ff6cabcd8f7a1e863e0e0c83f9c6d4c54b49d075"}
,"/Users/blu/ws/projects/ArcheryNotes/src/theme.js": {"path":"/Users/blu/ws/projects/ArcheryNotes/src/theme.js","statementMap":{"0":{"start":{"line":1,"column":23},"end":{"line":1,"column":29}},"1":{"start":{"line":2,"column":26},"end":{"line":2,"column":35}},"2":{"start":{"line":3,"column":20},"end":{"line":3,"column":26}}},"fnMap":{},"branchMap":{},"s":{"0":4,"1":4,"2":4},"f":{},"b":{},"_coverageSchema":"332fd63041d2c1bcb487cc26dd0d5f7d97098a6c","hash":"568d0fc68d57d231a143047253ed4652bcb48323"}
,"/Users/blu/ws/projects/ArcheryNotes/src/actions/main.js": {"path":"/Users/blu/ws/projects/ArcheryNotes/src/actions/main.js","statementMap":{"0":{"start":{"line":4,"column":2},"end":{"line":7,"column":3}},"1":{"start":{"line":11,"column":2},"end":{"line":14,"column":3}}},"fnMap":{"0":{"name":"set","decl":{"start":{"line":3,"column":16},"end":{"line":3,"column":19}},"loc":{"start":{"line":3,"column":28},"end":{"line":8,"column":1}},"line":3},"1":{"name":"reset","decl":{"start":{"line":10,"column":16},"end":{"line":10,"column":21}},"loc":{"start":{"line":10,"column":33},"end":{"line":15,"column":1}},"line":10}},"branchMap":{"0":{"loc":{"start":{"line":10,"column":22},"end":{"line":10,"column":32}},"type":"default-arg","locations":[{"start":{"line":10,"column":30},"end":{"line":10,"column":32}}],"line":10}},"s":{"0":1,"1":0},"f":{"0":1,"1":0},"b":{"0":[0]},"_coverageSchema":"332fd63041d2c1bcb487cc26dd0d5f7d97098a6c","hash":"760c1960c500625a05f128affe0582fb381f0e69"}
,"/Users/blu/ws/projects/ArcheryNotes/src/actions/scoreSheet.js": {"path":"/Users/blu/ws/projects/ArcheryNotes/src/actions/scoreSheet.js","statementMap":{"0":{"start":{"line":4,"column":2},"end":{"line":7,"column":3}},"1":{"start":{"line":11,"column":2},"end":{"line":14,"column":3}}},"fnMap":{"0":{"name":"set","decl":{"start":{"line":3,"column":16},"end":{"line":3,"column":19}},"loc":{"start":{"line":3,"column":28},"end":{"line":8,"column":1}},"line":3},"1":{"name":"reset","decl":{"start":{"line":10,"column":16},"end":{"line":10,"column":21}},"loc":{"start":{"line":10,"column":33},"end":{"line":15,"column":1}},"line":10}},"branchMap":{"0":{"loc":{"start":{"line":10,"column":22},"end":{"line":10,"column":32}},"type":"default-arg","locations":[{"start":{"line":10,"column":30},"end":{"line":10,"column":32}}],"line":10}},"s":{"0":1,"1":0},"f":{"0":1,"1":0},"b":{"0":[0]},"_coverageSchema":"332fd63041d2c1bcb487cc26dd0d5f7d97098a6c","hash":"d952c5d44e4b4c547af4acd299ab2cda3700f199"}
,"/Users/blu/ws/projects/ArcheryNotes/src/components/DevTools.js": {"path":"/Users/blu/ws/projects/ArcheryNotes/src/components/DevTools.js","statementMap":{},"fnMap":{},"branchMap":{},"s":{},"f":{},"b":{},"_coverageSchema":"332fd63041d2c1bcb487cc26dd0d5f7d97098a6c","hash":"de34b141bd6dc5d3412cb580aca8c9d3833daf78"}
,"/Users/blu/ws/projects/ArcheryNotes/src/components/LogMonitor.js": {"path":"/Users/blu/ws/projects/ArcheryNotes/src/components/LogMonitor.js","statementMap":{"0":{"start":{"line":17,"column":4},"end":{"line":20,"column":5}},"1":{"start":{"line":23,"column":20},"end":{"line":26,"column":10}},"2":{"start":{"line":24,"column":6},"end":{"line":24,"column":34}},"3":{"start":{"line":25,"column":6},"end":{"line":25,"column":14}},"4":{"start":{"line":27,"column":4},"end":{"line":27,"column":26}},"5":{"start":{"line":30,"column":26},"end":{"line":30,"column":56}},"6":{"start":{"line":31,"column":4},"end":{"line":39,"column":5}},"7":{"start":{"line":32,"column":25},"end":{"line":37,"column":28}},"8":{"start":{"line":33,"column":8},"end":{"line":35,"column":9}},"9":{"start":{"line":34,"column":10},"end":{"line":34,"column":38}},"10":{"start":{"line":36,"column":8},"end":{"line":36,"column":16}},"11":{"start":{"line":38,"column":6},"end":{"line":38,"column":42}},"12":{"start":{"line":42,"column":22},"end":{"line":42,"column":32}},"13":{"start":{"line":43,"column":4},"end":{"line":43,"column":32}},"14":{"start":{"line":44,"column":4},"end":{"line":44,"column":26}},"15":{"start":{"line":47,"column":22},"end":{"line":47,"column":32}},"16":{"start":{"line":48,"column":4},"end":{"line":48,"column":32}},"17":{"start":{"line":49,"column":4},"end":{"line":49,"column":26}},"18":{"start":{"line":52,"column":22},"end":{"line":52,"column":32}},"19":{"start":{"line":53,"column":4},"end":{"line":53,"column":31}},"20":{"start":{"line":54,"column":4},"end":{"line":54,"column":26}},"21":{"start":{"line":57,"column":22},"end":{"line":57,"column":32}},"22":{"start":{"line":58,"column":4},"end":{"line":58,"column":31}},"23":{"start":{"line":59,"column":4},"end":{"line":59,"column":26}},"24":{"start":{"line":62,"column":20},"end":{"line":63,"column":129}},"25":{"start":{"line":63,"column":15},"end":{"line":63,"column":127}},"26":{"start":{"line":64,"column":4},"end":{"line":97,"column":5}},"27":{"start":{"line":68,"column":12},"end":{"line":93,"column":19}},"28":{"start":{"line":74,"column":91},"end":{"line":74,"column":109}},"29":{"start":{"line":77,"column":91},"end":{"line":77,"column":109}},"30":{"start":{"line":85,"column":91},"end":{"line":85,"column":108}},"31":{"start":{"line":88,"column":91},"end":{"line":88,"column":108}},"32":{"start":{"line":101,"column":15},"end":{"line":134,"column":2}}},"fnMap":{"0":{"name":"(anonymous_0)","decl":{"start":{"line":16,"column":18},"end":{"line":16,"column":19}},"loc":{"start":{"line":16,"column":29},"end":{"line":21,"column":3}},"line":16},"1":{"name":"(anonymous_1)","decl":{"start":{"line":18,"column":24},"end":{"line":18,"column":25}},"loc":{"start":{"line":18,"column":28},"end":{"line":18,"column":30}},"line":18},"2":{"name":"(anonymous_2)","decl":{"start":{"line":19,"column":32},"end":{"line":19,"column":33}},"loc":{"start":{"line":19,"column":36},"end":{"line":19,"column":38}},"line":19},"3":{"name":"(anonymous_3)","decl":{"start":{"line":22,"column":2},"end":{"line":22,"column":3}},"loc":{"start":{"line":22,"column":22},"end":{"line":28,"column":3}},"line":22},"4":{"name":"(anonymous_4)","decl":{"start":{"line":23,"column":63},"end":{"line":23,"column":64}},"loc":{"start":{"line":23,"column":70},"end":{"line":26,"column":5}},"line":23},"5":{"name":"(anonymous_5)","decl":{"start":{"line":29,"column":2},"end":{"line":29,"column":3}},"loc":{"start":{"line":29,"column":34},"end":{"line":40,"column":3}},"line":29},"6":{"name":"(anonymous_6)","decl":{"start":{"line":32,"column":46},"end":{"line":32,"column":47}},"loc":{"start":{"line":32,"column":53},"end":{"line":37,"column":7}},"line":32},"7":{"name":"(anonymous_7)","decl":{"start":{"line":41,"column":2},"end":{"line":41,"column":3}},"loc":{"start":{"line":41,"column":20},"end":{"line":45,"column":3}},"line":41},"8":{"name":"(anonymous_8)","decl":{"start":{"line":46,"column":2},"end":{"line":46,"column":3}},"loc":{"start":{"line":46,"column":20},"end":{"line":50,"column":3}},"line":46},"9":{"name":"(anonymous_9)","decl":{"start":{"line":51,"column":2},"end":{"line":51,"column":3}},"loc":{"start":{"line":51,"column":19},"end":{"line":55,"column":3}},"line":51},"10":{"name":"(anonymous_10)","decl":{"start":{"line":56,"column":2},"end":{"line":56,"column":3}},"loc":{"start":{"line":56,"column":19},"end":{"line":60,"column":3}},"line":56},"11":{"name":"(anonymous_11)","decl":{"start":{"line":61,"column":2},"end":{"line":61,"column":3}},"loc":{"start":{"line":61,"column":10},"end":{"line":98,"column":3}},"line":61},"12":{"name":"(anonymous_12)","decl":{"start":{"line":63,"column":11},"end":{"line":63,"column":12}},"loc":{"start":{"line":63,"column":15},"end":{"line":63,"column":127}},"line":63},"13":{"name":"(anonymous_13)","decl":{"start":{"line":67,"column":23},"end":{"line":67,"column":24}},"loc":{"start":{"line":68,"column":12},"end":{"line":93,"column":19}},"line":68},"14":{"name":"(anonymous_14)","decl":{"start":{"line":74,"column":87},"end":{"line":74,"column":88}},"loc":{"start":{"line":74,"column":91},"end":{"line":74,"column":109}},"line":74},"15":{"name":"(anonymous_15)","decl":{"start":{"line":77,"column":87},"end":{"line":77,"column":88}},"loc":{"start":{"line":77,"column":91},"end":{"line":77,"column":109}},"line":77},"16":{"name":"(anonymous_16)","decl":{"start":{"line":85,"column":87},"end":{"line":85,"column":88}},"loc":{"start":{"line":85,"column":91},"end":{"line":85,"column":108}},"line":85},"17":{"name":"(anonymous_17)","decl":{"start":{"line":88,"column":87},"end":{"line":88,"column":88}},"loc":{"start":{"line":88,"column":91},"end":{"line":88,"column":108}},"line":88}},"branchMap":{"0":{"loc":{"start":{"line":31,"column":4},"end":{"line":39,"column":5}},"type":"if","locations":[{"start":{"line":31,"column":4},"end":{"line":39,"column":5}},{"start":{"line":31,"column":4},"end":{"line":39,"column":5}}],"line":31},"1":{"loc":{"start":{"line":33,"column":8},"end":{"line":35,"column":9}},"type":"if","locations":[{"start":{"line":33,"column":8},"end":{"line":35,"column":9}},{"start":{"line":33,"column":8},"end":{"line":35,"column":9}}],"line":33}},"s":{"0":8,"1":1,"2":1,"3":1,"4":1,"5":0,"6":0,"7":0,"8":0,"9":0,"10":0,"11":0,"12":0,"13":0,"14":0,"15":0,"16":0,"17":0,"18":0,"19":0,"20":0,"21":0,"22":0,"23":0,"24":1,"25":1,"26":1,"27":1,"28":0,"29":0,"30":0,"31":0,"32":3},"f":{"0":8,"1":0,"2":0,"3":1,"4":1,"5":0,"6":0,"7":0,"8":0,"9":0,"10":0,"11":1,"12":1,"13":1,"14":0,"15":0,"16":0,"17":0},"b":{"0":[0,0],"1":[0,0]},"_coverageSchema":"332fd63041d2c1bcb487cc26dd0d5f7d97098a6c","hash":"678a46fc105a72b69e7d60eb98bc621e0dbf533b"}
,"/Users/blu/ws/projects/ArcheryNotes/src/containers/About.js": {"path":"/Users/blu/ws/projects/ArcheryNotes/src/containers/About.js","statementMap":{"0":{"start":{"line":15,"column":4},"end":{"line":15,"column":50}},"1":{"start":{"line":18,"column":4},"end":{"line":26,"column":5}},"2":{"start":{"line":30,"column":15},"end":{"line":40,"column":2}}},"fnMap":{"0":{"name":"(anonymous_0)","decl":{"start":{"line":14,"column":2},"end":{"line":14,"column":3}},"loc":{"start":{"line":14,"column":22},"end":{"line":16,"column":3}},"line":14},"1":{"name":"(anonymous_1)","decl":{"start":{"line":17,"column":2},"end":{"line":17,"column":3}},"loc":{"start":{"line":17,"column":11},"end":{"line":27,"column":3}},"line":17}},"branchMap":{},"s":{"0":1,"1":1,"2":1},"f":{"0":1,"1":1},"b":{},"_coverageSchema":"332fd63041d2c1bcb487cc26dd0d5f7d97098a6c","hash":"245ebb0d01973cc58da271e180585c0d837c36ee"}
,"/Users/blu/ws/projects/ArcheryNotes/src/containers/Drawer.js": {"path":"/Users/blu/ws/projects/ArcheryNotes/src/containers/Drawer.js","statementMap":{"0":{"start":{"line":21,"column":24},"end":{"line":21,"column":74}},"1":{"start":{"line":22,"column":4},"end":{"line":22,"column":80}},"2":{"start":{"line":23,"column":4},"end":{"line":23,"column":42}},"3":{"start":{"line":26,"column":24},"end":{"line":26,"column":74}},"4":{"start":{"line":27,"column":4},"end":{"line":27,"column":48}},"5":{"start":{"line":28,"column":4},"end":{"line":28,"column":42}},"6":{"start":{"line":31,"column":4},"end":{"line":37,"column":5}},"7":{"start":{"line":33,"column":59},"end":{"line":33,"column":78}},"8":{"start":{"line":41,"column":15},"end":{"line":61,"column":2}},"9":{"start":{"line":63,"column":31},"end":{"line":65,"column":1}},"10":{"start":{"line":65,"column":15},"end":{"line":67,"column":1}}},"fnMap":{"0":{"name":"(anonymous_0)","decl":{"start":{"line":18,"column":2},"end":{"line":18,"column":3}},"loc":{"start":{"line":18,"column":15},"end":{"line":24,"column":3}},"line":18},"1":{"name":"(anonymous_1)","decl":{"start":{"line":25,"column":2},"end":{"line":25,"column":3}},"loc":{"start":{"line":25,"column":18},"end":{"line":29,"column":3}},"line":25},"2":{"name":"(anonymous_2)","decl":{"start":{"line":30,"column":2},"end":{"line":30,"column":3}},"loc":{"start":{"line":30,"column":11},"end":{"line":38,"column":3}},"line":30},"3":{"name":"(anonymous_3)","decl":{"start":{"line":33,"column":55},"end":{"line":33,"column":56}},"loc":{"start":{"line":33,"column":59},"end":{"line":33,"column":78}},"line":33},"4":{"name":"(anonymous_4)","decl":{"start":{"line":63,"column":23},"end":{"line":63,"column":24}},"loc":{"start":{"line":63,"column":31},"end":{"line":65,"column":1}},"line":63},"5":{"name":"(anonymous_5)","decl":{"start":{"line":65,"column":4},"end":{"line":65,"column":5}},"loc":{"start":{"line":65,"column":15},"end":{"line":67,"column":1}},"line":65}},"branchMap":{"0":{"loc":{"start":{"line":21,"column":24},"end":{"line":21,"column":74}},"type":"cond-expr","locations":[{"start":{"line":21,"column":46},"end":{"line":21,"column":61}},{"start":{"line":21,"column":64},"end":{"line":21,"column":74}}],"line":21},"1":{"loc":{"start":{"line":26,"column":24},"end":{"line":26,"column":74}},"type":"cond-expr","locations":[{"start":{"line":26,"column":46},"end":{"line":26,"column":61}},{"start":{"line":26,"column":64},"end":{"line":26,"column":74}}],"line":26}},"s":{"0":0,"1":0,"2":0,"3":0,"4":0,"5":0,"6":1,"7":0,"8":1,"9":1,"10":1},"f":{"0":0,"1":0,"2":1,"3":0,"4":1,"5":1},"b":{"0":[0,0],"1":[0,0]},"_coverageSchema":"332fd63041d2c1bcb487cc26dd0d5f7d97098a6c","hash":"61c3b76b119dff7f0ecf7eb263d1addec99b1464"}
,"/Users/blu/ws/projects/ArcheryNotes/src/containers/DrawerDebug.js": {"path":"/Users/blu/ws/projects/ArcheryNotes/src/containers/DrawerDebug.js","statementMap":{"0":{"start":{"line":9,"column":4},"end":{"line":11,"column":5}},"1":{"start":{"line":15,"column":31},"end":{"line":17,"column":1}}},"fnMap":{"0":{"name":"(anonymous_0)","decl":{"start":{"line":8,"column":2},"end":{"line":8,"column":3}},"loc":{"start":{"line":8,"column":11},"end":{"line":12,"column":3}},"line":8},"1":{"name":"(anonymous_1)","decl":{"start":{"line":15,"column":23},"end":{"line":15,"column":24}},"loc":{"start":{"line":15,"column":31},"end":{"line":17,"column":1}},"line":15}},"branchMap":{},"s":{"0":1,"1":1},"f":{"0":1,"1":1},"b":{},"_coverageSchema":"332fd63041d2c1bcb487cc26dd0d5f7d97098a6c","hash":"31514deb14d3b6792a5d727d23426a09ce717717"}
,"/Users/blu/ws/projects/ArcheryNotes/src/containers/Home.js": {"path":"/Users/blu/ws/projects/ArcheryNotes/src/containers/Home.js","statementMap":{"0":{"start":{"line":23,"column":4},"end":{"line":23,"column":65}},"1":{"start":{"line":24,"column":4},"end":{"line":24,"column":74}},"2":{"start":{"line":27,"column":20},"end":{"line":27,"column":41}},"3":{"start":{"line":28,"column":23},"end":{"line":28,"column":62}},"4":{"start":{"line":29,"column":21},"end":{"line":31,"column":7}},"5":{"start":{"line":29,"column":35},"end":{"line":31,"column":5}},"6":{"start":{"line":32,"column":4},"end":{"line":32,"column":47}},"7":{"start":{"line":35,"column":20},"end":{"line":35,"column":41}},"8":{"start":{"line":36,"column":23},"end":{"line":36,"column":51}},"9":{"start":{"line":37,"column":21},"end":{"line":39,"column":7}},"10":{"start":{"line":37,"column":35},"end":{"line":39,"column":5}},"11":{"start":{"line":40,"column":4},"end":{"line":40,"column":47}},"12":{"start":{"line":43,"column":24},"end":{"line":43,"column":50}},"13":{"start":{"line":44,"column":21},"end":{"line":44,"column":80}},"14":{"start":{"line":44,"column":42},"end":{"line":44,"column":43}},"15":{"start":{"line":44,"column":59},"end":{"line":44,"column":77}},"16":{"start":{"line":45,"column":4},"end":{"line":59,"column":5}},"17":{"start":{"line":48,"column":10},"end":{"line":50,"column":17}},"18":{"start":{"line":62,"column":19},"end":{"line":62,"column":34}},"19":{"start":{"line":63,"column":20},"end":{"line":63,"column":41}},"20":{"start":{"line":64,"column":17},"end":{"line":64,"column":36}},"21":{"start":{"line":65,"column":4},"end":{"line":130,"column":5}},"22":{"start":{"line":74,"column":14},"end":{"line":74,"column":34}},"23":{"start":{"line":80,"column":65},"end":{"line":80,"column":84}},"24":{"start":{"line":83,"column":65},"end":{"line":83,"column":85}},"25":{"start":{"line":86,"column":65},"end":{"line":86,"column":84}},"26":{"start":{"line":91,"column":65},"end":{"line":91,"column":84}},"27":{"start":{"line":94,"column":65},"end":{"line":94,"column":84}},"28":{"start":{"line":97,"column":65},"end":{"line":97,"column":84}},"29":{"start":{"line":102,"column":65},"end":{"line":102,"column":84}},"30":{"start":{"line":105,"column":65},"end":{"line":105,"column":84}},"31":{"start":{"line":108,"column":65},"end":{"line":108,"column":84}},"32":{"start":{"line":113,"column":65},"end":{"line":113,"column":84}},"33":{"start":{"line":116,"column":65},"end":{"line":116,"column":84}},"34":{"start":{"line":119,"column":65},"end":{"line":119,"column":84}},"35":{"start":{"line":124,"column":65},"end":{"line":124,"column":84}},"36":{"start":{"line":134,"column":15},"end":{"line":185,"column":2}},"37":{"start":{"line":186,"column":0},"end":{"line":186,"column":75}},"38":{"start":{"line":187,"column":0},"end":{"line":187,"column":74}},"39":{"start":{"line":189,"column":31},"end":{"line":192,"column":1}},"40":{"start":{"line":192,"column":15},"end":{"line":195,"column":1}}},"fnMap":{"0":{"name":"(anonymous_0)","decl":{"start":{"line":22,"column":2},"end":{"line":22,"column":3}},"loc":{"start":{"line":22,"column":22},"end":{"line":25,"column":3}},"line":22},"1":{"name":"(anonymous_1)","decl":{"start":{"line":26,"column":2},"end":{"line":26,"column":3}},"loc":{"start":{"line":26,"column":26},"end":{"line":33,"column":3}},"line":26},"2":{"name":"(anonymous_2)","decl":{"start":{"line":29,"column":31},"end":{"line":29,"column":32}},"loc":{"start":{"line":29,"column":35},"end":{"line":31,"column":5}},"line":29},"3":{"name":"(anonymous_3)","decl":{"start":{"line":34,"column":2},"end":{"line":34,"column":3}},"loc":{"start":{"line":34,"column":16},"end":{"line":41,"column":3}},"line":34},"4":{"name":"(anonymous_4)","decl":{"start":{"line":37,"column":31},"end":{"line":37,"column":32}},"loc":{"start":{"line":37,"column":35},"end":{"line":39,"column":5}},"line":37},"5":{"name":"(anonymous_5)","decl":{"start":{"line":42,"column":2},"end":{"line":42,"column":3}},"loc":{"start":{"line":42,"column":24},"end":{"line":60,"column":3}},"line":42},"6":{"name":"(anonymous_6)","decl":{"start":{"line":44,"column":39},"end":{"line":44,"column":40}},"loc":{"start":{"line":44,"column":42},"end":{"line":44,"column":43}},"line":44},"7":{"name":"(anonymous_7)","decl":{"start":{"line":44,"column":52},"end":{"line":44,"column":53}},"loc":{"start":{"line":44,"column":59},"end":{"line":44,"column":77}},"line":44},"8":{"name":"(anonymous_8)","decl":{"start":{"line":47,"column":24},"end":{"line":47,"column":25}},"loc":{"start":{"line":48,"column":10},"end":{"line":50,"column":17}},"line":48},"9":{"name":"(anonymous_9)","decl":{"start":{"line":61,"column":2},"end":{"line":61,"column":3}},"loc":{"start":{"line":61,"column":11},"end":{"line":131,"column":3}},"line":61},"10":{"name":"(anonymous_10)","decl":{"start":{"line":73,"column":22},"end":{"line":73,"column":23}},"loc":{"start":{"line":74,"column":14},"end":{"line":74,"column":34}},"line":74},"11":{"name":"(anonymous_11)","decl":{"start":{"line":80,"column":61},"end":{"line":80,"column":62}},"loc":{"start":{"line":80,"column":65},"end":{"line":80,"column":84}},"line":80},"12":{"name":"(anonymous_12)","decl":{"start":{"line":83,"column":61},"end":{"line":83,"column":62}},"loc":{"start":{"line":83,"column":65},"end":{"line":83,"column":85}},"line":83},"13":{"name":"(anonymous_13)","decl":{"start":{"line":86,"column":61},"end":{"line":86,"column":62}},"loc":{"start":{"line":86,"column":65},"end":{"line":86,"column":84}},"line":86},"14":{"name":"(anonymous_14)","decl":{"start":{"line":91,"column":61},"end":{"line":91,"column":62}},"loc":{"start":{"line":91,"column":65},"end":{"line":91,"column":84}},"line":91},"15":{"name":"(anonymous_15)","decl":{"start":{"line":94,"column":61},"end":{"line":94,"column":62}},"loc":{"start":{"line":94,"column":65},"end":{"line":94,"column":84}},"line":94},"16":{"name":"(anonymous_16)","decl":{"start":{"line":97,"column":61},"end":{"line":97,"column":62}},"loc":{"start":{"line":97,"column":65},"end":{"line":97,"column":84}},"line":97},"17":{"name":"(anonymous_17)","decl":{"start":{"line":102,"column":61},"end":{"line":102,"column":62}},"loc":{"start":{"line":102,"column":65},"end":{"line":102,"column":84}},"line":102},"18":{"name":"(anonymous_18)","decl":{"start":{"line":105,"column":61},"end":{"line":105,"column":62}},"loc":{"start":{"line":105,"column":65},"end":{"line":105,"column":84}},"line":105},"19":{"name":"(anonymous_19)","decl":{"start":{"line":108,"column":61},"end":{"line":108,"column":62}},"loc":{"start":{"line":108,"column":65},"end":{"line":108,"column":84}},"line":108},"20":{"name":"(anonymous_20)","decl":{"start":{"line":113,"column":61},"end":{"line":113,"column":62}},"loc":{"start":{"line":113,"column":65},"end":{"line":113,"column":84}},"line":113},"21":{"name":"(anonymous_21)","decl":{"start":{"line":116,"column":61},"end":{"line":116,"column":62}},"loc":{"start":{"line":116,"column":65},"end":{"line":116,"column":84}},"line":116},"22":{"name":"(anonymous_22)","decl":{"start":{"line":119,"column":61},"end":{"line":119,"column":62}},"loc":{"start":{"line":119,"column":65},"end":{"line":119,"column":84}},"line":119},"23":{"name":"(anonymous_23)","decl":{"start":{"line":124,"column":61},"end":{"line":124,"column":62}},"loc":{"start":{"line":124,"column":65},"end":{"line":124,"column":84}},"line":124},"24":{"name":"(anonymous_24)","decl":{"start":{"line":189,"column":23},"end":{"line":189,"column":24}},"loc":{"start":{"line":189,"column":31},"end":{"line":192,"column":1}},"line":189},"25":{"name":"(anonymous_25)","decl":{"start":{"line":192,"column":4},"end":{"line":192,"column":5}},"loc":{"start":{"line":192,"column":15},"end":{"line":195,"column":1}},"line":192}},"branchMap":{"0":{"loc":{"start":{"line":55,"column":21},"end":{"line":55,"column":72}},"type":"cond-expr","locations":[{"start":{"line":55,"column":35},"end":{"line":55,"column":50}},{"start":{"line":55,"column":53},"end":{"line":55,"column":72}}],"line":55},"1":{"loc":{"start":{"line":56,"column":11},"end":{"line":56,"column":52}},"type":"binary-expr","locations":[{"start":{"line":56,"column":11},"end":{"line":56,"column":23}},{"start":{"line":56,"column":28},"end":{"line":56,"column":51}}],"line":56}},"s":{"0":1,"1":1,"2":0,"3":0,"4":0,"5":0,"6":0,"7":0,"8":0,"9":0,"10":0,"11":0,"12":4,"13":4,"14":24,"15":22,"16":4,"17":24,"18":2,"19":2,"20":2,"21":2,"22":4,"23":0,"24":0,"25":0,"26":0,"27":0,"28":0,"29":0,"30":0,"31":0,"32":0,"33":0,"34":0,"35":0,"36":1,"37":1,"38":1,"39":2,"40":1},"f":{"0":1,"1":0,"2":0,"3":0,"4":0,"5":4,"6":24,"7":22,"8":24,"9":2,"10":4,"11":0,"12":0,"13":0,"14":0,"15":0,"16":0,"17":0,"18":0,"19":0,"20":0,"21":0,"22":0,"23":0,"24":2,"25":1},"b":{"0":[2,2],"1":[4,2]},"_coverageSchema":"332fd63041d2c1bcb487cc26dd0d5f7d97098a6c","hash":"87ea582000fceea62f51fdbb4c93468ebe8560d0"}
,"/Users/blu/ws/projects/ArcheryNotes/src/reducers/index.js": {"path":"/Users/blu/ws/projects/ArcheryNotes/src/reducers/index.js","statementMap":{},"fnMap":{},"branchMap":{},"s":{},"f":{},"b":{},"_coverageSchema":"332fd63041d2c1bcb487cc26dd0d5f7d97098a6c","hash":"39fcb3c961dfe76090887e8370dc37ee7a9ae1c4"}
,"/Users/blu/ws/projects/ArcheryNotes/src/reducers/main.js": {"path":"/Users/blu/ws/projects/ArcheryNotes/src/reducers/main.js","statementMap":{"0":{"start":{"line":3,"column":21},"end":{"line":5,"column":1}},"1":{"start":{"line":8,"column":2},"end":{"line":15,"column":3}},"2":{"start":{"line":10,"column":6},"end":{"line":10,"column":42}},"3":{"start":{"line":12,"column":6},"end":{"line":12,"column":49}},"4":{"start":{"line":14,"column":6},"end":{"line":14,"column":18}}},"fnMap":{"0":{"name":"reducer","decl":{"start":{"line":7,"column":24},"end":{"line":7,"column":31}},"loc":{"start":{"line":7,"column":60},"end":{"line":16,"column":1}},"line":7}},"branchMap":{"0":{"loc":{"start":{"line":7,"column":32},"end":{"line":7,"column":50}},"type":"default-arg","locations":[{"start":{"line":7,"column":38},"end":{"line":7,"column":50}}],"line":7},"1":{"loc":{"start":{"line":8,"column":2},"end":{"line":15,"column":3}},"type":"switch","locations":[{"start":{"line":9,"column":4},"end":{"line":10,"column":42}},{"start":{"line":11,"column":4},"end":{"line":12,"column":49}},{"start":{"line":13,"column":4},"end":{"line":14,"column":18}}],"line":8}},"s":{"0":3,"1":11,"2":1,"3":0,"4":10},"f":{"0":11},"b":{"0":[9],"1":[1,0,10]},"_coverageSchema":"332fd63041d2c1bcb487cc26dd0d5f7d97098a6c","hash":"4fda0a241c388d92b69d7931ea4dabc76636ef26"}
,"/Users/blu/ws/projects/ArcheryNotes/src/reducers/scoreSheet.js": {"path":"/Users/blu/ws/projects/ArcheryNotes/src/reducers/scoreSheet.js","statementMap":{"0":{"start":{"line":3,"column":21},"end":{"line":10,"column":1}},"1":{"start":{"line":13,"column":2},"end":{"line":20,"column":3}},"2":{"start":{"line":15,"column":6},"end":{"line":15,"column":42}},"3":{"start":{"line":17,"column":6},"end":{"line":17,"column":49}},"4":{"start":{"line":19,"column":6},"end":{"line":19,"column":18}}},"fnMap":{"0":{"name":"reducer","decl":{"start":{"line":12,"column":24},"end":{"line":12,"column":31}},"loc":{"start":{"line":12,"column":60},"end":{"line":21,"column":1}},"line":12}},"branchMap":{"0":{"loc":{"start":{"line":12,"column":32},"end":{"line":12,"column":50}},"type":"default-arg","locations":[{"start":{"line":12,"column":38},"end":{"line":12,"column":50}}],"line":12},"1":{"loc":{"start":{"line":13,"column":2},"end":{"line":20,"column":3}},"type":"switch","locations":[{"start":{"line":14,"column":4},"end":{"line":15,"column":42}},{"start":{"line":16,"column":4},"end":{"line":17,"column":49}},{"start":{"line":18,"column":4},"end":{"line":19,"column":18}}],"line":13}},"s":{"0":3,"1":11,"2":1,"3":0,"4":10},"f":{"0":11},"b":{"0":[9],"1":[1,0,10]},"_coverageSchema":"332fd63041d2c1bcb487cc26dd0d5f7d97098a6c","hash":"cbe38620b6e0ec2f3f35ebca789e5b6519905149"}
,"/Users/blu/ws/projects/ArcheryNotes/src/types/main.js": {"path":"/Users/blu/ws/projects/ArcheryNotes/src/types/main.js","statementMap":{"0":{"start":{"line":1,"column":15},"end":{"line":1,"column":22}},"1":{"start":{"line":3,"column":19},"end":{"line":3,"column":33}},"2":{"start":{"line":4,"column":21},"end":{"line":4,"column":37}}},"fnMap":{},"branchMap":{},"s":{"0":3,"1":3,"2":3},"f":{},"b":{},"_coverageSchema":"332fd63041d2c1bcb487cc26dd0d5f7d97098a6c","hash":"def6ddf4ab7fa1ceab9fbfecc0abed7edf1136fe"}
,"/Users/blu/ws/projects/ArcheryNotes/src/types/scoreSheet.js": {"path":"/Users/blu/ws/projects/ArcheryNotes/src/types/scoreSheet.js","statementMap":{"0":{"start":{"line":1,"column":15},"end":{"line":1,"column":29}},"1":{"start":{"line":3,"column":19},"end":{"line":3,"column":33}},"2":{"start":{"line":4,"column":21},"end":{"line":4,"column":37}}},"fnMap":{},"branchMap":{},"s":{"0":3,"1":3,"2":3},"f":{},"b":{},"_coverageSchema":"332fd63041d2c1bcb487cc26dd0d5f7d97098a6c","hash":"ebccd1364ed3234439bdf3d0d99bafcf64a8c6a8"}
,"/Users/blu/ws/projects/ArcheryNotes/src/utils/nav.js": {"path":"/Users/blu/ws/projects/ArcheryNotes/src/utils/nav.js","statementMap":{"0":{"start":{"line":1,"column":26},"end":{"line":12,"column":1}},"1":{"start":{"line":14,"column":2},"end":{"line":18,"column":3}},"2":{"start":{"line":15,"column":4},"end":{"line":17,"column":5}},"3":{"start":{"line":16,"column":6},"end":{"line":16,"column":41}}},"fnMap":{"0":{"name":"onNavigatorEvent","decl":{"start":{"line":13,"column":16},"end":{"line":13,"column":32}},"loc":{"start":{"line":13,"column":39},"end":{"line":19,"column":1}},"line":13}},"branchMap":{"0":{"loc":{"start":{"line":14,"column":2},"end":{"line":18,"column":3}},"type":"if","locations":[{"start":{"line":14,"column":2},"end":{"line":18,"column":3}},{"start":{"line":14,"column":2},"end":{"line":18,"column":3}}],"line":14},"1":{"loc":{"start":{"line":15,"column":4},"end":{"line":17,"column":5}},"type":"if","locations":[{"start":{"line":15,"column":4},"end":{"line":17,"column":5}},{"start":{"line":15,"column":4},"end":{"line":17,"column":5}}],"line":15}},"s":{"0":1,"1":0,"2":0,"3":0},"f":{"0":0},"b":{"0":[0,0],"1":[0,0]},"_coverageSchema":"332fd63041d2c1bcb487cc26dd0d5f7d97098a6c","hash":"3996d2616d08d3c5459a807e3a055d54f30bc15b"}
,"/Users/blu/ws/projects/ArcheryNotes/src/utils/scoreCalculator.js": {"path":"/Users/blu/ws/projects/ArcheryNotes/src/utils/scoreCalculator.js","statementMap":{"0":{"start":{"line":8,"column":2},"end":{"line":8,"column":22}},"1":{"start":{"line":8,"column":14},"end":{"line":8,"column":22}},"2":{"start":{"line":9,"column":2},"end":{"line":16,"column":3}},"3":{"start":{"line":11,"column":6},"end":{"line":11,"column":15}},"4":{"start":{"line":13,"column":6},"end":{"line":13,"column":14}},"5":{"start":{"line":15,"column":6},"end":{"line":15,"column":32}},"6":{"start":{"line":20,"column":15},"end":{"line":20,"column":20}},"7":{"start":{"line":21,"column":24},"end":{"line":26,"column":4}},"8":{"start":{"line":22,"column":4},"end":{"line":22,"column":43}},"9":{"start":{"line":22,"column":35},"end":{"line":22,"column":43}},"10":{"start":{"line":23,"column":18},"end":{"line":23,"column":40}},"11":{"start":{"line":24,"column":4},"end":{"line":24,"column":51}},"12":{"start":{"line":24,"column":38},"end":{"line":24,"column":51}},"13":{"start":{"line":25,"column":4},"end":{"line":25,"column":69}},"14":{"start":{"line":25,"column":46},"end":{"line":25,"column":67}},"15":{"start":{"line":27,"column":2},"end":{"line":33,"column":3}},"16":{"start":{"line":28,"column":28},"end":{"line":28,"column":94}},"17":{"start":{"line":28,"column":76},"end":{"line":28,"column":91}},"18":{"start":{"line":29,"column":4},"end":{"line":32,"column":6}},"19":{"start":{"line":34,"column":2},"end":{"line":34,"column":22}},"20":{"start":{"line":38,"column":18},"end":{"line":38,"column":68}},"21":{"start":{"line":39,"column":2},"end":{"line":39,"column":59}},"22":{"start":{"line":39,"column":42},"end":{"line":39,"column":59}},"23":{"start":{"line":41,"column":22},"end":{"line":41,"column":94}},"24":{"start":{"line":41,"column":57},"end":{"line":41,"column":80}},"25":{"start":{"line":42,"column":2},"end":{"line":47,"column":6}},"26":{"start":{"line":43,"column":6},"end":{"line":43,"column":48}},"27":{"start":{"line":43,"column":40},"end":{"line":43,"column":48}},"28":{"start":{"line":44,"column":18},"end":{"line":44,"column":40}},"29":{"start":{"line":45,"column":6},"end":{"line":45,"column":59}},"30":{"start":{"line":46,"column":6},"end":{"line":46,"column":70}},"31":{"start":{"line":46,"column":48},"end":{"line":46,"column":68}},"32":{"start":{"line":48,"column":2},"end":{"line":48,"column":22}},"33":{"start":{"line":51,"column":2},"end":{"line":51,"column":39}}},"fnMap":{"0":{"name":"scoreToVal","decl":{"start":{"line":7,"column":16},"end":{"line":7,"column":26}},"loc":{"start":{"line":7,"column":49},"end":{"line":17,"column":1}},"line":7},"1":{"name":"addScore","decl":{"start":{"line":18,"column":16},"end":{"line":18,"column":24}},"loc":{"start":{"line":18,"column":85},"end":{"line":35,"column":1}},"line":18},"2":{"name":"(anonymous_2)","decl":{"start":{"line":21,"column":39},"end":{"line":21,"column":40}},"loc":{"start":{"line":21,"column":46},"end":{"line":26,"column":3}},"line":21},"3":{"name":"(anonymous_3)","decl":{"start":{"line":25,"column":39},"end":{"line":25,"column":40}},"loc":{"start":{"line":25,"column":46},"end":{"line":25,"column":67}},"line":25},"4":{"name":"(anonymous_4)","decl":{"start":{"line":28,"column":69},"end":{"line":28,"column":70}},"loc":{"start":{"line":28,"column":76},"end":{"line":28,"column":91}},"line":28},"5":{"name":"undo","decl":{"start":{"line":36,"column":16},"end":{"line":36,"column":20}},"loc":{"start":{"line":36,"column":66},"end":{"line":49,"column":1}},"line":36},"6":{"name":"(anonymous_6)","decl":{"start":{"line":41,"column":50},"end":{"line":41,"column":51}},"loc":{"start":{"line":41,"column":57},"end":{"line":41,"column":80}},"line":41},"7":{"name":"(anonymous_7)","decl":{"start":{"line":42,"column":36},"end":{"line":42,"column":37}},"loc":{"start":{"line":42,"column":43},"end":{"line":47,"column":5}},"line":42},"8":{"name":"(anonymous_8)","decl":{"start":{"line":46,"column":41},"end":{"line":46,"column":42}},"loc":{"start":{"line":46,"column":48},"end":{"line":46,"column":68}},"line":46},"9":{"name":"initialiseRow","decl":{"start":{"line":50,"column":16},"end":{"line":50,"column":29}},"loc":{"start":{"line":50,"column":53},"end":{"line":52,"column":1}},"line":50}},"branchMap":{"0":{"loc":{"start":{"line":8,"column":2},"end":{"line":8,"column":22}},"type":"if","locations":[{"start":{"line":8,"column":2},"end":{"line":8,"column":22}},{"start":{"line":8,"column":2},"end":{"line":8,"column":22}}],"line":8},"1":{"loc":{"start":{"line":9,"column":2},"end":{"line":16,"column":3}},"type":"switch","locations":[{"start":{"line":10,"column":4},"end":{"line":11,"column":15}},{"start":{"line":12,"column":4},"end":{"line":13,"column":14}},{"start":{"line":14,"column":4},"end":{"line":15,"column":32}}],"line":9},"2":{"loc":{"start":{"line":22,"column":4},"end":{"line":22,"column":43}},"type":"if","locations":[{"start":{"line":22,"column":4},"end":{"line":22,"column":43}},{"start":{"line":22,"column":4},"end":{"line":22,"column":43}}],"line":22},"3":{"loc":{"start":{"line":24,"column":4},"end":{"line":24,"column":51}},"type":"if","locations":[{"start":{"line":24,"column":4},"end":{"line":24,"column":51}},{"start":{"line":24,"column":4},"end":{"line":24,"column":51}}],"line":24},"4":{"loc":{"start":{"line":25,"column":46},"end":{"line":25,"column":67}},"type":"cond-expr","locations":[{"start":{"line":25,"column":58},"end":{"line":25,"column":59}},{"start":{"line":25,"column":62},"end":{"line":25,"column":67}}],"line":25},"5":{"loc":{"start":{"line":27,"column":2},"end":{"line":33,"column":3}},"type":"if","locations":[{"start":{"line":27,"column":2},"end":{"line":33,"column":3}},{"start":{"line":27,"column":2},"end":{"line":33,"column":3}}],"line":27},"6":{"loc":{"start":{"line":39,"column":2},"end":{"line":39,"column":59}},"type":"if","locations":[{"start":{"line":39,"column":2},"end":{"line":39,"column":59}},{"start":{"line":39,"column":2},"end":{"line":39,"column":59}}],"line":39},"7":{"loc":{"start":{"line":39,"column":6},"end":{"line":39,"column":40}},"type":"binary-expr","locations":[{"start":{"line":39,"column":6},"end":{"line":39,"column":13}},{"start":{"line":39,"column":17},"end":{"line":39,"column":40}}],"line":39},"8":{"loc":{"start":{"line":41,"column":22},"end":{"line":41,"column":94}},"type":"cond-expr","locations":[{"start":{"line":41,"column":32},"end":{"line":41,"column":81}},{"start":{"line":41,"column":84},"end":{"line":41,"column":94}}],"line":41},"9":{"loc":{"start":{"line":43,"column":6},"end":{"line":43,"column":48}},"type":"if","locations":[{"start":{"line":43,"column":6},"end":{"line":43,"column":48}},{"start":{"line":43,"column":6},"end":{"line":43,"column":48}}],"line":43},"10":{"loc":{"start":{"line":45,"column":14},"end":{"line":45,"column":59}},"type":"cond-expr","locations":[{"start":{"line":45,"column":29},"end":{"line":45,"column":47}},{"start":{"line":45,"column":50},"end":{"line":45,"column":59}}],"line":45},"11":{"loc":{"start":{"line":46,"column":48},"end":{"line":46,"column":68}},"type":"cond-expr","locations":[{"start":{"line":46,"column":60},"end":{"line":46,"column":61}},{"start":{"line":46,"column":64},"end":{"line":46,"column":68}}],"line":46},"12":{"loc":{"start":{"line":50,"column":30},"end":{"line":50,"column":52}},"type":"default-arg","locations":[{"start":{"line":50,"column":51},"end":{"line":50,"column":52}}],"line":50}},"s":{"0":28,"1":0,"2":28,"3":0,"4":0,"5":28,"6":4,"7":4,"8":5,"9":1,"10":4,"11":4,"12":1,"13":4,"14":24,"15":4,"16":1,"17":6,"18":1,"19":4,"20":5,"21":5,"22":1,"23":4,"24":2,"25":4,"26":5,"27":1,"28":4,"29":4,"30":4,"31":24,"32":4,"33":2},"f":{"0":28,"1":4,"2":5,"3":24,"4":6,"5":5,"6":2,"7":5,"8":24,"9":2},"b":{"0":[0,28],"1":[0,0,28],"2":[1,4],"3":[1,3],"4":[20,4],"5":[1,3],"6":[1,4],"7":[5,2],"8":[1,3],"9":[1,4],"10":[1,3],"11":[20,4],"12":[2]},"_coverageSchema":"332fd63041d2c1bcb487cc26dd0d5f7d97098a6c","hash":"3d2f79d3bf8ae4d83a6cb2e7528a828513020209"}
}
