TN:
SF:/Users/blu/ws/projects/ArcheryNotes/src/config.js
FNF:0
FNH:0
DA:3,4
DA:4,4
DA:9,4
LF:3
LH:3
BRF:0
BRH:0
end_of_record
TN:
SF:/Users/blu/ws/projects/ArcheryNotes/src/store.js
FN:10,configureStore
FNF:1
FNH:1
FNDA:3,configureStore
DA:12,3
DA:17,3
DA:23,3
DA:33,3
LF:4
LH:4
BRDA:10,0,0,3
BRF:1
BRH:1
end_of_record
TN:
SF:/Users/blu/ws/projects/ArcheryNotes/src/theme.js
FNF:0
FNH:0
DA:1,4
DA:2,4
DA:3,4
LF:3
LH:3
BRF:0
BRH:0
end_of_record
TN:
SF:/Users/blu/ws/projects/ArcheryNotes/src/actions/main.js
FN:3,set
FN:10,reset
FNF:2
FNH:1
FNDA:1,set
FNDA:0,reset
DA:4,1
DA:11,0
LF:2
LH:1
BRDA:10,0,0,0
BRF:1
BRH:0
end_of_record
TN:
SF:/Users/blu/ws/projects/ArcheryNotes/src/actions/scoreSheet.js
FN:3,set
FN:10,reset
FNF:2
FNH:1
FNDA:1,set
FNDA:0,reset
DA:4,1
DA:11,0
LF:2
LH:1
BRDA:10,0,0,0
BRF:1
BRH:0
end_of_record
TN:
SF:/Users/blu/ws/projects/ArcheryNotes/src/components/DevTools.js
FNF:0
FNH:0
LF:0
LH:0
BRF:0
BRH:0
end_of_record
TN:
SF:/Users/blu/ws/projects/ArcheryNotes/src/components/LogMonitor.js
FN:16,(anonymous_0)
FN:18,(anonymous_1)
FN:19,(anonymous_2)
FN:22,(anonymous_3)
FN:23,(anonymous_4)
FN:29,(anonymous_5)
FN:32,(anonymous_6)
FN:41,(anonymous_7)
FN:46,(anonymous_8)
FN:51,(anonymous_9)
FN:56,(anonymous_10)
FN:61,(anonymous_11)
FN:63,(anonymous_12)
FN:67,(anonymous_13)
FN:74,(anonymous_14)
FN:77,(anonymous_15)
FN:85,(anonymous_16)
FN:88,(anonymous_17)
FNF:18
FNH:6
FNDA:8,(anonymous_0)
FNDA:0,(anonymous_1)
FNDA:0,(anonymous_2)
FNDA:1,(anonymous_3)
FNDA:1,(anonymous_4)
FNDA:0,(anonymous_5)
FNDA:0,(anonymous_6)
FNDA:0,(anonymous_7)
FNDA:0,(anonymous_8)
FNDA:0,(anonymous_9)
FNDA:0,(anonymous_10)
FNDA:1,(anonymous_11)
FNDA:1,(anonymous_12)
FNDA:1,(anonymous_13)
FNDA:0,(anonymous_14)
FNDA:0,(anonymous_15)
FNDA:0,(anonymous_16)
FNDA:0,(anonymous_17)
DA:17,8
DA:23,1
DA:24,1
DA:25,1
DA:27,1
DA:30,0
DA:31,0
DA:32,0
DA:33,0
DA:34,0
DA:36,0
DA:38,0
DA:42,0
DA:43,0
DA:44,0
DA:47,0
DA:48,0
DA:49,0
DA:52,0
DA:53,0
DA:54,0
DA:57,0
DA:58,0
DA:59,0
DA:62,1
DA:63,1
DA:64,1
DA:68,1
DA:74,0
DA:77,0
DA:85,0
DA:88,0
DA:101,3
LF:33
LH:10
BRDA:31,0,0,0
BRDA:31,0,1,0
BRDA:33,1,0,0
BRDA:33,1,1,0
BRF:4
BRH:0
end_of_record
TN:
SF:/Users/blu/ws/projects/ArcheryNotes/src/containers/About.js
FN:14,(anonymous_0)
FN:17,(anonymous_1)
FNF:2
FNH:2
FNDA:1,(anonymous_0)
FNDA:1,(anonymous_1)
DA:15,1
DA:18,1
DA:30,1
LF:3
LH:3
BRF:0
BRH:0
end_of_record
TN:
SF:/Users/blu/ws/projects/ArcheryNotes/src/containers/Drawer.js
FN:18,(anonymous_0)
FN:25,(anonymous_1)
FN:30,(anonymous_2)
FN:33,(anonymous_3)
FN:63,(anonymous_4)
FN:65,(anonymous_5)
FNF:6
FNH:3
FNDA:0,(anonymous_0)
FNDA:0,(anonymous_1)
FNDA:1,(anonymous_2)
FNDA:0,(anonymous_3)
FNDA:1,(anonymous_4)
FNDA:1,(anonymous_5)
DA:21,0
DA:22,0
DA:23,0
DA:26,0
DA:27,0
DA:28,0
DA:31,1
DA:33,0
DA:41,1
DA:63,1
DA:65,1
LF:11
LH:4
BRDA:21,0,0,0
BRDA:21,0,1,0
BRDA:26,1,0,0
BRDA:26,1,1,0
BRF:4
BRH:0
end_of_record
TN:
SF:/Users/blu/ws/projects/ArcheryNotes/src/containers/DrawerDebug.js
FN:8,(anonymous_0)
FN:15,(anonymous_1)
FNF:2
FNH:2
FNDA:1,(anonymous_0)
FNDA:1,(anonymous_1)
DA:9,1
DA:15,1
LF:2
LH:2
BRF:0
BRH:0
end_of_record
TN:
SF:/Users/blu/ws/projects/ArcheryNotes/src/containers/Home.js
FN:22,(anonymous_0)
FN:26,(anonymous_1)
FN:29,(anonymous_2)
FN:34,(anonymous_3)
FN:37,(anonymous_4)
FN:42,(anonymous_5)
FN:44,(anonymous_6)
FN:44,(anonymous_7)
FN:47,(anonymous_8)
FN:61,(anonymous_9)
FN:73,(anonymous_10)
FN:80,(anonymous_11)
FN:83,(anonymous_12)
FN:86,(anonymous_13)
FN:91,(anonymous_14)
FN:94,(anonymous_15)
FN:97,(anonymous_16)
FN:102,(anonymous_17)
FN:105,(anonymous_18)
FN:108,(anonymous_19)
FN:113,(anonymous_20)
FN:116,(anonymous_21)
FN:119,(anonymous_22)
FN:124,(anonymous_23)
FN:189,(anonymous_24)
FN:192,(anonymous_25)
FNF:26
FNH:9
FNDA:1,(anonymous_0)
FNDA:0,(anonymous_1)
FNDA:0,(anonymous_2)
FNDA:0,(anonymous_3)
FNDA:0,(anonymous_4)
FNDA:4,(anonymous_5)
FNDA:24,(anonymous_6)
FNDA:22,(anonymous_7)
FNDA:24,(anonymous_8)
FNDA:2,(anonymous_9)
FNDA:4,(anonymous_10)
FNDA:0,(anonymous_11)
FNDA:0,(anonymous_12)
FNDA:0,(anonymous_13)
FNDA:0,(anonymous_14)
FNDA:0,(anonymous_15)
FNDA:0,(anonymous_16)
FNDA:0,(anonymous_17)
FNDA:0,(anonymous_18)
FNDA:0,(anonymous_19)
FNDA:0,(anonymous_20)
FNDA:0,(anonymous_21)
FNDA:0,(anonymous_22)
FNDA:0,(anonymous_23)
FNDA:2,(anonymous_24)
FNDA:1,(anonymous_25)
DA:23,1
DA:24,1
DA:27,0
DA:28,0
DA:29,0
DA:32,0
DA:35,0
DA:36,0
DA:37,0
DA:40,0
DA:43,4
DA:44,24
DA:45,4
DA:48,24
DA:62,2
DA:63,2
DA:64,2
DA:65,2
DA:74,4
DA:80,0
DA:83,0
DA:86,0
DA:91,0
DA:94,0
DA:97,0
DA:102,0
DA:105,0
DA:108,0
DA:113,0
DA:116,0
DA:119,0
DA:124,0
DA:134,1
DA:186,1
DA:187,1
DA:189,2
DA:192,1
LF:37
LH:16
BRDA:55,0,0,2
BRDA:55,0,1,2
BRDA:56,1,0,4
BRDA:56,1,1,2
BRF:4
BRH:4
end_of_record
TN:
SF:/Users/blu/ws/projects/ArcheryNotes/src/reducers/index.js
FNF:0
FNH:0
LF:0
LH:0
BRF:0
BRH:0
end_of_record
TN:
SF:/Users/blu/ws/projects/ArcheryNotes/src/reducers/main.js
FN:7,reducer
FNF:1
FNH:1
FNDA:11,reducer
DA:3,3
DA:8,11
DA:10,1
DA:12,0
DA:14,10
LF:5
LH:4
BRDA:7,0,0,9
BRDA:8,1,0,1
BRDA:8,1,1,0
BRDA:8,1,2,10
BRF:4
BRH:3
end_of_record
TN:
SF:/Users/blu/ws/projects/ArcheryNotes/src/reducers/scoreSheet.js
FN:12,reducer
FNF:1
FNH:1
FNDA:11,reducer
DA:3,3
DA:13,11
DA:15,1
DA:17,0
DA:19,10
LF:5
LH:4
BRDA:12,0,0,9
BRDA:13,1,0,1
BRDA:13,1,1,0
BRDA:13,1,2,10
BRF:4
BRH:3
end_of_record
TN:
SF:/Users/blu/ws/projects/ArcheryNotes/src/types/main.js
FNF:0
FNH:0
DA:1,3
DA:3,3
DA:4,3
LF:3
LH:3
BRF:0
BRH:0
end_of_record
TN:
SF:/Users/blu/ws/projects/ArcheryNotes/src/types/scoreSheet.js
FNF:0
FNH:0
DA:1,3
DA:3,3
DA:4,3
LF:3
LH:3
BRF:0
BRH:0
end_of_record
TN:
SF:/Users/blu/ws/projects/ArcheryNotes/src/utils/nav.js
FN:13,onNavigatorEvent
FNF:1
FNH:0
FNDA:0,onNavigatorEvent
DA:1,1
DA:14,0
DA:15,0
DA:16,0
LF:4
LH:1
BRDA:14,0,0,0
BRDA:14,0,1,0
BRDA:15,1,0,0
BRDA:15,1,1,0
BRF:4
BRH:0
end_of_record
TN:
SF:/Users/blu/ws/projects/ArcheryNotes/src/utils/scoreCalculator.js
FN:7,scoreToVal
FN:18,addScore
FN:21,(anonymous_2)
FN:25,(anonymous_3)
FN:28,(anonymous_4)
FN:36,undo
FN:41,(anonymous_6)
FN:42,(anonymous_7)
FN:46,(anonymous_8)
FN:50,initialiseRow
FNF:10
FNH:10
FNDA:28,scoreToVal
FNDA:4,addScore
FNDA:5,(anonymous_2)
FNDA:24,(anonymous_3)
FNDA:6,(anonymous_4)
FNDA:5,undo
FNDA:2,(anonymous_6)
FNDA:5,(anonymous_7)
FNDA:24,(anonymous_8)
FNDA:2,initialiseRow
DA:8,28
DA:9,28
DA:11,0
DA:13,0
DA:15,28
DA:20,4
DA:21,4
DA:22,5
DA:23,4
DA:24,4
DA:25,24
DA:27,4
DA:28,6
DA:29,1
DA:34,4
DA:38,5
DA:39,5
DA:41,4
DA:42,4
DA:43,5
DA:44,4
DA:45,4
DA:46,24
DA:48,4
DA:51,2
LF:25
LH:23
BRDA:8,0,0,0
BRDA:8,0,1,28
BRDA:9,1,0,0
BRDA:9,1,1,0
BRDA:9,1,2,28
BRDA:22,2,0,1
BRDA:22,2,1,4
BRDA:24,3,0,1
BRDA:24,3,1,3
BRDA:25,4,0,20
BRDA:25,4,1,4
BRDA:27,5,0,1
BRDA:27,5,1,3
BRDA:39,6,0,1
BRDA:39,6,1,4
BRDA:39,7,0,5
BRDA:39,7,1,2
BRDA:41,8,0,1
BRDA:41,8,1,3
BRDA:43,9,0,1
BRDA:43,9,1,4
BRDA:45,10,0,1
BRDA:45,10,1,3
BRDA:46,11,0,20
BRDA:46,11,1,4
BRDA:50,12,0,2
BRF:26
BRH:23
end_of_record
